

HI-TECH Software 8051 Macro Assembler V9.60                                Page 1
                                                       Sat Mar 26 17:00:11 2022

     1                           	psect	idata,class=DATA,space=1,limit=080h
     2                           	psect	irdata,class=DATA,limit=080h
     3                           	global	_main
     4                           	signat	_main,88
     5                           	global	stack_internal
     6                           	psect	text,class=CODE
     7                           	psect	text
     8                           	file	"C:\Users\Aboba\DOCUME~1\NATION~1\CIRCUI~1
                                 .0\MCUWOR~1\laba2\laba2\main.c"
     9                           	line	3
    10  00003                     _main:
    11  00003  80 63              	j	f1411
    12  00005                     f1410:
    13                           ;main.c: 2: void main()
    14                           
    15                           ;main.c: 3: {
    16                           
    17                           ;	var   _i assigned to ?a_main+0
    18                           ;	var   _j assigned to ?a_main+1
    19                           	psect	data,class=CODE
    20                           	psect	data
    21  00100                     F158:
    22  00100  90                 	db	(144)
    23  00101  80                 	db	(128)
    24  00102  F8                 	db	(248)
    25  00103  82                 	db	(130)
    26  00104  92                 	db	(146)
    27  00105  99                 	db	(153)
    28  00106  B0                 	db	(176)
    29  00107  A4                 	db	(164)
    30  00108  F9                 	db	(249)
    31  00109  C0                 	db	(192)
    32  0010A  FF                 	db	(255)
    33                           ;	var   _massiv assigned to ?a_main+2
    34                           ;main.c: 4: unsigned char i,j;
    35                           
    36                           ;main.c: 5: unsigned char massiv [11]=
    37                           
    38                           ;main.c: 6: {
    39                           
    40                           ;main.c: 7: 0x90,
    41                           
    42                           ;main.c: 8: 0x80,
    43                           
    44                           ;main.c: 9: 0xF8,
    45                           
    46                           ;main.c: 10: 0x82,
    47                           
    48                           ;main.c: 11: 0x92,
    49                           
    50                           ;main.c: 12: 0x99,
    51                           
    52                           ;main.c: 13: 0xB0,
    53                           
    54                           ;main.c: 14: 0xA4,
    55                           
    56                           ;main.c: 15: 0xF9,
    57                           
    58                           ;main.c: 16: 0xC0,
    59                           
    60                           ;main.c: 17: 0xFF
    61                           
    62                           ;main.c: 18: };
    63                           
    64                           	psect	text
    65                           	line	18
    66  00005  78 01              	mov	r0,#high (F158)
    67  00007  79 00              	mov	r1,#low (F158)
    68  00009  7A 00              	mov	r2,#high (?a_main+2)
    69  0000B  7B 22              	mov	r3,#low (?a_main+2)
    70  0000D  7D 0B              	mov	r5,#low 11
    71  0000F  7C 00              	mov	r4,#high 11
    72                           	global	str_copy
    73  00011  12 0080            	lcall	str_copy
    74                           ;main.c: 20: P1=massiv [10];
    75                           
    76                           	line	20
    77  00014  79 2C              	mov	r1,#?a_main+2+0Ah
    78  00016  87 90              	mov	090h,@r1
    79                           ;main.c: 22: while(1)
    80                           
    81                           	line	22
    82  00018                     l5:
    83                           ;main.c: 23: {
    84                           
    85                           ;main.c: 24: if(P30 == 1)
    86                           
    87                           	line	24
    88  00018  30 B0 02           	bnb	p3.0, u11
    89  0001B  80 02              	jmp	u10
    90  0001D                     u11:
    91  0001D  80 42              	jmp	l7
    92  0001F                     u10:
    93                           ;main.c: 25: for(i=0;i<10;i++)
    94                           
    95                           	line	25
    96  0001F  75 20  00          	mov	?a_main+0,#0
    97  00022  E5 20              	mov	a,?a_main+0
    98  00024  24 F6              	add	a,#-0Ah
    99  00026  50 02              	bnc	u21
   100  00028  80 02              	jmp	u20
   101  0002A                     u21:
   102  0002A  80 02              	jmp	l8
   103  0002C                     u20:
   104  0002C  80 33              	jmp	l9
   105                           	line	26
   106  0002E                     l8:
   107                           ;main.c: 26: {
   108                           
   109                           ;main.c: 27: P2=massiv[i];
   110                           
   111                           	line	27
   112  0002E  74 22              	mov	a,#?a_main+2
   113  00030  A9 20              	mov	r1,?a_main+0
   114  00032  78 00              	mov	r0,#0
   115  00034  29                 	add	a,r1
   116  00035  F9                 	mov	r1,a
   117  00036  87 A0              	mov	0A0h,@r1
   118                           ;main.c: 29: for(j=0;j<100;j++)
   119                           
   120                           	line	29
   121  00038  75 21  00          	mov	?a_main+1,#0
   122  0003B  E5 21              	mov	a,?a_main+1
   123  0003D  24 9C              	add	a,#-064h
   124  0003F  50 02              	bnc	u31
   125  00041  80 02              	jmp	u30
   126  00043                     u31:
   127  00043  80 02              	jmp	l11
   128  00045                     u30:
   129  00045  80 0E              	jmp	l12
   130                           	line	30
   131  00047                     l11:
   132                           ;main.c: 30: continue;
   133                           
   134  00047  80 00              	jmp	l13
   135                           	line	29
   136  00049                     l13:
   137  00049  05 21              	inc	?a_main+1
   138  0004B  E5 21              	mov	a,?a_main+1
   139  0004D  24 9C              	add	a,#-064h
   140  0004F  50 02              	bnc	u41
   141  00051  80 02              	jmp	u40
   142  00053                     u41:
   143  00053  80 F2              	jmp	l11
   144  00055                     u40:
   145  00055                     l12:
   146                           	line	25
   147  00055  05 20              	inc	?a_main+0
   148  00057  E5 20              	mov	a,?a_main+0
   149  00059  24 F6              	add	a,#-0Ah
   150  0005B  50 02              	bnc	u51
   151  0005D  80 02              	jmp	u50
   152  0005F                     u51:
   153  0005F  80 CD              	jmp	l8
   154  00061                     u50:
   155  00061                     l9:
   156                           	line	31
   157  00061                     l7:
   158                           ;main.c: 31: }
   159                           
   160                           ;main.c: 32: P2=massiv[10];
   161                           
   162                           	line	32
   163  00061  79 2C              	mov	r1,#?a_main+2+0Ah
   164  00063  87 A0              	mov	0A0h,@r1
   165                           	line	33
   166  00065                     l4:
   167                           	line	22
   168  00065  80 B1              	jmp	l5
   169  00067                     l6:
   170                           ;main.c: 33: }
   171                           
   172                           ;main.c: 34: }
   173                           
   174                           	line	34
   175  00067                     l3:
   176  00067  22                 	ret
   177  00068                     f1411:
   178  00068  80 9B              	j	f1410
   179                           	FNSIZE	_main,13,0
   180                           	global	?a_main
   181  0000                     f1412	equ	0
   182  0000                     _A10	equ	162
   183  0000                     _A11	equ	163
   184  0000                     _A12	equ	164
   185  0000                     _A13	equ	165
   186  0000                     _A14	equ	166
   187  0000                     _A15	equ	167
   188  0000                     _A8	equ	160
   189  0000                     _A9	equ	161
   190  0000                     _AC	equ	214
   191  0000                     _ACC0	equ	224
   192  0000                     _ACC1	equ	225
   193  0000                     _ACC2	equ	226
   194  0000                     _ACC3	equ	227
   195  0000                     _ACC4	equ	228
   196  0000                     _ACC5	equ	229
   197  0000                     _ACC6	equ	230
   198  0000                     _ACC7	equ	231
   199  0000                     _AD0	equ	128
   200  0000                     _AD1	equ	129
   201  0000                     _AD2	equ	130
   202  0000                     _AD3	equ	131
   203  0000                     _AD4	equ	132
   204  0000                     _AD5	equ	133
   205  0000                     _AD6	equ	134
   206  0000                     _AD7	equ	135
   207  0000                     _B0	equ	240
   208  0000                     _B1	equ	241
   209  0000                     _B2	equ	242
   210  0000                     _B3	equ	243
   211  0000                     _B4	equ	244
   212  0000                     _B5	equ	245
   213  0000                     _B6	equ	246
   214  0000                     _B7	equ	247
   215  0000                     _CY	equ	215
   216  0000                     _EA	equ	175
   217  0000                     _ES	equ	172
   218  0000                     _ET0	equ	169
   219  0000                     _ET1	equ	171
   220  0000                     _EX0	equ	168
   221  0000                     _EX1	equ	170
   222  0000                     _F0	equ	213
   223  0000                     _IE0	equ	137
   224  0000                     _IE1	equ	139
   225  0000                     _INT0	equ	178
   226  0000                     _INT1	equ	179
   227  0000                     _IT0	equ	136
   228  0000                     _IT1	equ	138
   229  0000                     _OV	equ	210
   230  0000                     _P	equ	208
   231  0000                     _P00	equ	128
   232  0000                     _P01	equ	129
   233  0000                     _P02	equ	130
   234  0000                     _P03	equ	131
   235  0000                     _P04	equ	132
   236  0000                     _P05	equ	133
   237  0000                     _P06	equ	134
   238  0000                     _P07	equ	135
   239  0000                     _P10	equ	144
   240  0000                     _P11	equ	145
   241  0000                     _P12	equ	146
   242  0000                     _P13	equ	147
   243  0000                     _P14	equ	148
   244  0000                     _P15	equ	149
   245  0000                     _P16	equ	150
   246  0000                     _P17	equ	151
   247  0000                     _P20	equ	160
   248  0000                     _P21	equ	161
   249  0000                     _P22	equ	162
   250  0000                     _P23	equ	163
   251  0000                     _P24	equ	164
   252  0000                     _P25	equ	165
   253  0000                     _P26	equ	166
   254  0000                     _P27	equ	167
   255  0000                     _P30	equ	176
   256  0000                     _P31	equ	177
   257  0000                     _P32	equ	178
   258+ 0000                     _P33	equ	179
   259+ 0000                     _P34	equ	180
   260  0000                     _P35	equ	181
   261  0000                     _P36	equ	182
   262  0000                     _P37	equ	183
   263  0000                     _PS	equ	188
   264  0000                     _PT0	equ	185
   265  0000                     _PT1	equ	187
   266  0000                     _PX0	equ	184
   267  0000                     _PX1	equ	186
   268  0000                     _RB8	equ	154
   269  0000                     _RD	equ	183
   270  0000                     _REN	equ	156
   271  0000                     _RI	equ	152
   272  0000                     _RS0	equ	211
   273  0000                     _RS1	equ	212
   274  0000                     _RXD	equ	176
   275  0000                     _SM0	equ	159
   276  0000                     _SM1	equ	158
   277  0000                     _SM2	equ	157
   278  0000                     _T0	equ	180
   279  0000                     _T1	equ	181
   280  0000                     _TB8	equ	155
   281  0000                     _TF0	equ	141
   282  0000                     _TF1	equ	143
   283  0000                     _TI	equ	153
   284  0000                     _TR0	equ	140
   285  0000                     _TR1	equ	142
   286  0000                     _TXD	equ	177
   287  0000                     _WR	equ	182
   288  0000                     _ACC	equ	224
   289  0000                     _B	equ	240
   290  0000                     _DPH	equ	131
   291  0000                     _DPL	equ	130
   292  0000                     _IE	equ	168
   293  0000                     _IP	equ	184
   294  0000                     _P0	equ	128
   295  0000                     _P1	equ	144
   296  0000                     _P2	equ	160
   297  0000                     _P3	equ	176
   298  0000                     _PCON	equ	135
   299  0000                     _PSW	equ	208
   300  0000                     _SBUF	equ	153
   301  0000                     _SCON	equ	152
   302  0000                     _SP	equ	129
   303  0000                     _TCON	equ	136
   304  0000                     _TH0	equ	140
   305  0000                     _TH1	equ	141
   306  0000                     _TL0	equ	138
   307  0000                     _TL1	equ	139
   308  0000                     _TMOD	equ	137
   309  0000                     _ACC_BITS	equ	224
   310  0000                     _B_BITS	equ	240
   311  0000                     _IE_BITS	equ	168
   312  0000                     _IP_BITS	equ	184
   313  0000                     _P0_BITS	equ	128
   314  0000                     _P1_BITS	equ	144
   315  0000                     _P2_BITS	equ	160
   316  0000                     _P3_BITS	equ	176
   317  0000                     _PCON_BITS	equ	135
   318  0000                     _PSW_BITS	equ	208
   319  0000                     _SCON_BITS	equ	152
   320  0000                     _TCON_BITS	equ	136
   321  0000                     _TMOD_BITS	equ	137


HI-TECH Software 8051 Macro Assembler V9.60                                Page 2
Symbol Table                                           Sat Mar 26 17:00:11 2022

       ?a_main 00020              _B 000F0              l3 00067  
            l4 00065              l5 00018              _P 000D0  
            l6 00067              l7 00061              l8 0002E  
            l9 00061             _B0 000F0             _B1 000F1  
           _B2 000F2             _B3 000F3             _B4 000F4  
           _B5 000F5             _B6 000F6             _A8 000A0  
           _B7 000F7             _A9 000A1             _F0 000D5  
           _AC 000D6             l11 00047             l12 00055  
           l13 00049             _EA 000AF             _P0 00080  
           _P1 00090             _P2 000A0             _P3 000B0  
           _IE 000A8             _T0 000B4             _T1 000B5  
           _ES 000AC             _CY 000D7             _IP 000B8  
           _RD 000B7             u10 0001F             u11 0001D  
           u20 0002C             _RI 00098             u21 0002A  
           u30 00045             u31 00043             u40 00055  
           _TI 00099             u41 00053             u50 00061  
           _PS 000BC             u51 0005F             _OV 000D2  
           _SP 00081             _WR 000B6         _B_BITS 000F0  
          F158 00100            _A10 000A2            _A11 000A3  
          _A12 000A4            _A13 000A5            _A14 000A6  
          _A15 000A7            _AD0 00080            _AD1 00081  
          _AD2 00082            _AD3 00083            _AD4 00084  
          _AD5 00085            _AD6 00086            _AD7 00087  
          _ACC 000E0            _P00 00080            _P01 00081  
          _P10 00090            _P02 00082            _P11 00091  
          _P03 00083            _P20 000A0            _P12 00092  
          _P04 00084            _P21 000A1            _P13 00093  
          _P05 00085            _P30 000B0            _P22 000A2  
          _P14 00094            _P06 00086            _P31 000B1  
          _P23 000A3            _P15 00095            _P07 00087  
          _P32 000B2            _P24 000A4            _P16 00096  
          _P33 000B3            _P25 000A5            _P17 00097  
          _P34 000B4            _P26 000A6            _P35 000B5  
          _P27 000A7            _P36 000B6            _P37 000B7  
          _IE0 00089            _IE1 0008B            _ET0 000A9  
          _ET1 000AB            _EX0 000A8            _EX1 000AA  
          _DPH 00083            _DPL 00082            _IT0 00088  
          _IT1 0008A            _RB8 0009A            _TF0 0008D  
          _TB8 0009B            _TF1 0008F            _TH0 0008C  
          _TH1 0008D            _SM0 0009F            _SM1 0009E  
          _TL0 0008A            _SM2 0009D            _PT0 000B9  
          _TL1 0008B            _PT1 000BB            _RS0 000D3  
          _RS1 000D4            _REN 0009C            _PX0 000B8  
          _PX1 000BA            _TR0 0008C            _TR1 0008E  
          _RXD 000B0            _PSW 000D0            _TXD 000B1  
      _P0_BITS 00080        _P1_BITS 00090        _P2_BITS 000A0  
      _P3_BITS 000B0        _IE_BITS 000A8       _ACC_BITS 000E0  
      _IP_BITS 000B8           f1410 00005           f1411 00068  
         f1412 00000           _ACC0 000E0           _ACC1 000E1  
         _ACC2 000E2           _ACC3 000E3           _ACC4 000E4  
         _ACC5 000E5           _ACC6 000E6           _ACC7 000E7  
stack_internal 00001           _INT0 000B2           _INT1 000B3  
         _PCON 00087           _SCON 00098           _SBUF 00099  
         _TCON 00088           _TMOD 00089           _main 00003  
     _PSW_BITS 000D0      _PCON_BITS 00087      _SCON_BITS 00098  
    _TCON_BITS 00088        str_copy 00080      _TMOD_BITS 00089  
