

HI-TECH Software 8051 Macro Assembler V9.60                                Page 1
                                                       Mon May 09 21:38:13 2022

     1                           	psect	idata,class=DATA,space=1,limit=080h
     2                           	psect	irdata,class=DATA,limit=080h
     3                           	global	_main
     4                           	signat	_main,88
     5                           	global	stack_internal
     6                           	psect	text,class=CODE
     7                           	psect	text
     8                           	file	"C:\Users\Aboba\Desktop\5669A~1\PRACTI~1\p
                                 roject1\main.c"
     9                           	line	3
    10  00003                     _main:
    11  00003  02 00EE            	j	f1411
    12  00006                     f1410:
    13                           ;main.c: 2: void main()
    14                           
    15                           ;main.c: 3: {
    16                           
    17                           ;	var   _i assigned to ?a_main+0
    18                           ;	var   _j assigned to ?a_main+1
    19                           ;	var   _str assigned to ?a_main+2
    20                           ;main.c: 4: unsigned char i,j;
    21                           
    22                           ;main.c: 5: unsigned char *str = "00";
    23                           
    24                           	line	5
    25  00006  75 22  01          	mov	?a_main+2,#high(0+u19)
    26  00009  75 23  34          	mov	?a_main+2+1,#low(0+u19)
    27                           	psect	data,class=CODE
    28                           	psect	data
    29  00100                     F159:
    30  00100  FE                 	db	(254)
    31  00101  FD                 	db	(253)
    32  00102  FB                 	db	(251)
    33  00103  F7                 	db	(247)
    34  00104  EF                 	db	(239)
    35                           ;	var   _row assigned to ?a_main+4
    36                           ;main.c: 6: unsigned char row[5] = {0xFE, 0xFD, 
                                 0xFB, 0xF7, 0xEF};
    37                           
    38                           	psect	text
    39                           	line	6
    40  0000C  78 01              	mov	r0,#high (F159)
    41  0000E  79 00              	mov	r1,#low (F159)
    42  00010  7A 00              	mov	r2,#high (?a_main+4)
    43  00012  7B 24              	mov	r3,#low (?a_main+4)
    44  00014  7D 05              	mov	r5,#low 5
    45  00016  7C 00              	mov	r4,#high 5
    46                           	global	str_copy
    47  00018  12 01C4            	lcall	str_copy
    48                           	psect	data
    49  00105                     F163:
    50  00105  1E                 	db	(30)
    51  00106  1D                 	db	(29)
    52  00107  1B                 	db	(27)
    53  00108  17                 	db	(23)
    54  00109  0F                 	db	(15)
    55                           ;	var   _col assigned to ?a_main+9
    56                           ;main.c: 8: unsigned char col[5] = {0x1E, 0x1D, 
                                 0x1B, 0x17, 0xF};
    57                           
    58                           	psect	text
    59                           	line	8
    60  0001B  78 01              	mov	r0,#high (F163)
    61  0001D  79 05              	mov	r1,#low (F163)
    62  0001F  7A 00              	mov	r2,#high (?a_main+9)
    63  00021  7B 29              	mov	r3,#low (?a_main+9)
    64  00023  7D 05              	mov	r5,#low 5
    65  00025  7C 00              	mov	r4,#high 5
    66                           	global	str_copy
    67  00027  12 01C4            	lcall	str_copy
    68                           	psect	data
    69  0010A                     F167:
    70  0010A  0135               	dw	(0+u29)
    71  0010C  0132               	dw	(0+u39)
    72  0010E  0130               	dw	(0+u49)
    73  00110  012E               	dw	(0+u59)
    74  00112  012C               	dw	(0+u69)
    75  00114  012A               	dw	(0+u79)
    76  00116  0128               	dw	(0+u89)
    77  00118  0126               	dw	(0+u99)
    78  0011A  0124               	dw	(0+u109)
    79  0011C  0122               	dw	(0+u119)
    80  0011E  0139               	dw	(0+u129)
    81  00120  0137               	dw	(0+u139)
    82                           ;	var   _num assigned to ?a_main+14
    83                           ;main.c: 10: unsigned char *num[12] = {"0", "1" 
                                 ,"2", "3", "4", "5", "6", "7", "8", "9", "+", "-
                                 "};
    84                           
    85                           	psect	text
    86                           	line	10
    87  0002A  78 01              	mov	r0,#high (F167)
    88  0002C  79 0A              	mov	r1,#low (F167)
    89  0002E  7A 00              	mov	r2,#high (?a_main+14)
    90  00030  7B 2E              	mov	r3,#low (?a_main+14)
    91  00032  7D 18              	mov	r5,#low 24
    92  00034  7C 00              	mov	r4,#high 24
    93                           	global	str_copy
    94  00036  12 01C4            	lcall	str_copy
    95                           ;main.c: 11: while(1){
    96                           
    97                           	line	11
    98  00039                     l7:
    99                           ;main.c: 12: for(i=0;i<4;i++)
   100                           
   101                           	line	12
   102  00039  75 20  00          	mov	?a_main+0,#0
   103  0003C  E5 20              	mov	a,?a_main+0
   104  0003E  24 FC              	add	a,#-04h
   105  00040  50 02              	bnc	u11
   106  00042  80 02              	jmp	u10
   107  00044                     u11:
   108  00044  80 03              	jmp	l9
   109  00046                     u10:
   110  00046  02 00EA            	jmp	l10
   111                           	line	13
   112  00049                     l9:
   113                           ;main.c: 13: {
   114                           
   115                           ;main.c: 14: P3=col[i];
   116                           
   117                           	line	14
   118  00049  74 29              	mov	a,#?a_main+9
   119  0004B  A9 20              	mov	r1,?a_main+0
   120  0004D  78 00              	mov	r0,#0
   121  0004F  29                 	add	a,r1
   122  00050  F9                 	mov	r1,a
   123  00051  87 B0              	mov	0B0h,@r1
   124                           ;main.c: 15: for(j=0;j<3;j++)
   125                           
   126                           	line	15
   127  00053  75 21  00          	mov	?a_main+1,#0
   128  00056  E5 21              	mov	a,?a_main+1
   129  00058  24 FD              	add	a,#-03h
   130  0005A  50 02              	bnc	u21
   131  0005C  80 02              	jmp	u20
   132  0005E                     u21:
   133  0005E  80 02              	jmp	l12
   134  00060                     u20:
   135  00060  80 7B              	jmp	l13
   136                           	line	16
   137  00062                     l12:
   138                           ;main.c: 16: {
   139                           
   140                           ;main.c: 17: if(P1 == row[j])
   141                           
   142                           	line	17
   143  00062  74 24              	mov	a,#?a_main+4
   144  00064  A9 21              	mov	r1,?a_main+1
   145  00066  78 00              	mov	r0,#0
   146  00068  29                 	add	a,r1
   147  00069  F9                 	mov	r1,a
   148  0006A  E7                 	mov	a,@r1
   149  0006B  B5 90 63           	cbne	a,090h,l15
   150                           ;main.c: 18: {
   151                           
   152                           ;main.c: 19: P0 = 0x38;
   153                           
   154                           	line	19
   155  0006E  75 80 38           	mov	080h,#56
   156                           ;main.c: 20: P2 = 0x1;
   157                           
   158                           	line	20
   159  00071  75 A0 01           	mov	0A0h,#1
   160                           ;main.c: 21: P2 = 0x0;
   161                           
   162                           	line	21
   163  00074  75 A0 00           	mov	0A0h,#0
   164                           ;main.c: 22: P0 = 0x80;
   165                           
   166                           	line	22
   167  00077  75 80 80           	mov	080h,#128
   168                           ;main.c: 23: P2 = 0x1;
   169                           
   170                           	line	23
   171  0007A  75 A0 01           	mov	0A0h,#1
   172                           ;main.c: 24: P2 = 0x0;
   173                           
   174                           	line	24
   175  0007D  75 A0 00           	mov	0A0h,#0
   176                           ;main.c: 25: str = num[i+j*4];
   177                           
   178                           	line	25
   179  00080  E5 21              	mov	a,?a_main+1
   180  00082  75 F0 04           	mov	b,#(1 shl 02h)
   181  00085  A4                 	mul	ab
   182  00086  25 20              	add	a,?a_main+0
   183  00088  50 02              	jnc	u34
   184  0008A  05 F0              	inc	b
   185  0008C                     u34:
   186  0008C  A8 F0              	mov	r0,b
   187  0008E  A9 E0              	mov	r1,acc
   188  00090  E9                 	mov	a,r1
   189  00091  C3                 	clr	c
   190  00092  33                 	rlc	a
   191  00093  F9                 	mov	r1,a
   192  00094  E8                 	mov	a,r0
   193  00095  33                 rlc	a
   194  00096  F8                 	mov	r0,a
   195                           
   196  00097  74 2E              	mov	a,#?a_main+14
   197  00099  29                 	add	a,r1
   198  0009A  F9                 	mov	r1,a
   199  0009B  87 22              	mov	?a_main+2,@r1
   200  0009D  09                 	inc	r1
   201  0009E  87 23              	mov	?a_main+2+1,@r1
   202                           ;main.c: 26: for(i=0;i<2;i++)
   203                           
   204                           	line	26
   205  000A0  75 20  00          	mov	?a_main+0,#0
   206  000A3  E5 20              	mov	a,?a_main+0
   207  000A5  24 FE              	add	a,#-02h
   208  000A7  50 02              	bnc	u41
   209  000A9  80 02              	jmp	u40
   210  000AB                     u41:
   211  000AB  80 02              	jmp	l16
   212  000AD                     u40:
   213  000AD  80 22              	jmp	l17
   214                           	line	27
   215  000AF                     l16:
   216                           ;main.c: 27: {
   217                           
   218                           ;main.c: 28: P0 = str[i];
   219                           
   220                           	line	28
   221  000AF  E5 20              	mov	a,?a_main+0
   222  000B1  25 23              	add	a,?a_main+2+1
   223  000B3  F5 82              	mov	dpl,a
   224  000B5  E4                 	clr	a
   225  000B6  35 22              	addc	a,?a_main+2
   226  000B8  F5 83              	mov	dph,a
   227                           	global	ldc_byte
   228  000BA  12 013B            	call	ldc_byte
   229  000BD  F5 80              	mov	080h,a
   230                           ;main.c: 29: P2 = 0x3;
   231                           
   232                           	line	29
   233  000BF  75 A0 03           	mov	0A0h,#3
   234                           ;main.c: 30: P2 = 0x2;
   235                           
   236                           	line	30
   237  000C2  75 A0 02           	mov	0A0h,#2
   238                           	line	26
   239  000C5  05 20              	inc	?a_main+0
   240  000C7  E5 20              	mov	a,?a_main+0
   241  000C9  24 FE              	add	a,#-02h
   242  000CB  50 02              	bnc	u51
   243  000CD  80 02              	jmp	u50
   244  000CF                     u51:
   245  000CF  80 DE              	jmp	l16
   246  000D1                     u50:
   247  000D1                     l17:
   248                           	line	32
   249  000D1                     l15:
   250                           	line	15
   251  000D1  05 21              	inc	?a_main+1
   252  000D3  E5 21              	mov	a,?a_main+1
   253  000D5  24 FD              	add	a,#-03h
   254  000D7  50 02              	bnc	u61
   255  000D9  80 02              	jmp	u60
   256  000DB                     u61:
   257  000DB  80 85              	jmp	l12
   258  000DD                     u60:
   259  000DD                     l13:
   260                           	line	12
   261  000DD  05 20              	inc	?a_main+0
   262  000DF  E5 20              	mov	a,?a_main+0
   263  000E1  24 FC              	add	a,#-04h
   264  000E3  50 02              	bnc	u71
   265  000E5  80 03              	jmp	u70
   266  000E7                     u71:
   267  000E7  02 0049            	jmp	l9
   268  000EA                     u70:
   269  000EA                     l10:
   270                           	line	35
   271  000EA                     l6:
   272                           	line	11
   273  000EA  02 0039            	jmp	l7
   274  000ED                     l8:
   275                           ;main.c: 31: }
   276                           
   277                           ;main.c: 32: }
   278                           
   279                           ;main.c: 33: }
   280                           
   281                           ;main.c: 34: }
   282                           
   283                           ;main.c: 35: }
   284                           
   285                           ;main.c: 37: }
   286                           
   287                           	line	37
   288  000ED                     l5:
   289  000ED  22                 	ret
   290  000EE                     f1411:
   291  000EE  02 0006            	j	f1410
   292                           	FNSIZE	_main,38,0
   293                           	global	?a_main
   294  0000                     f1412	equ	0
   295                           	psect	strings,class=CODE
   296                           	psect	strings
   297  00122                     u119:
   298  00122  39 00              	db	57,0
   299  00124                     u109:
   300  00124  38 00              	db	56,0
   301  00126                     u99:
   302  00126  37 00              	db	55,0
   303  00128                     u89:
   304  00128  36 00              	db	54,0
   305  0012A                     u79:
   306  0012A  35 00              	db	53,0
   307  0012C                     u69:
   308  0012C  34 00              	db	52,0
   309  0012E                     u59:
   310  0012E  33 00              	db	51,0
   311  00130                     u49:
   312  00130  32 00              	db	50,0
   313  00132                     u39:
   314  00132  31 00              	db	49,0
   315  00134                     u19:
   316  00134  30                 	db	48
   317  00135                     u29:
   318  00135  30 00              	db	48,0
   319  00137                     u139:
   320  00137  2D 00              	db	45,0
   321  00139                     u129:
   322  00139  2B 00              	db	43,0
   323  0000                     _A10	equ	162
   324  0000                     _A11	equ	163
   325  0000                     _A12	equ	164
   326  0000                     _A13	equ	165
   327  0000                     _A14	equ	166
   328  0000                     _A15	equ	167
   329  0000                     _A8	equ	160
   330  0000                     _A9	equ	161
   331  0000                     _AC	equ	214
   332  0000                     _ACC0	equ	224
   333  0000                     _ACC1	equ	225
   334  0000                     _ACC2	equ	226
   335  0000                     _ACC3	equ	227
   336  0000                     _ACC4	equ	228
   337  0000                     _ACC5	equ	229
   338  0000                     _ACC6	equ	230
   339  0000                     _ACC7	equ	231
   340  0000                     _AD0	equ	128
   341  0000                     _AD1	equ	129
   342  0000                     _AD2	equ	130
   343  0000                     _AD3	equ	131
   344  0000                     _AD4	equ	132
   345  0000                     _AD5	equ	133
   346  0000                     _AD6	equ	134
   347  0000                     _AD7	equ	135
   348  0000                     _B0	equ	240
   349  0000                     _B1	equ	241
   350  0000                     _B2	equ	242
   351  0000                     _B3	equ	243
   352  0000                     _B4	equ	244
   353  0000                     _B5	equ	245
   354  0000                     _B6	equ	246
   355  0000                     _B7	equ	247
   356  0000                     _CY	equ	215
   357  0000                     _EA	equ	175
   358  0000                     _ES	equ	172
   359  0000                     _ET0	equ	169
   360  0000                     _ET1	equ	171
   361  0000                     _EX0	equ	168
   362  0000                     _EX1	equ	170
   363  0000                     _F0	equ	213
   364  0000                     _IE0	equ	137
   365  0000                     _IE1	equ	139
   366  0000                     _INT0	equ	178
   367  0000                     _INT1	equ	179
   368  0000                     _IT0	equ	136
   369  0000                     _IT1	equ	138
   370  0000                     _OV	equ	210
   371  0000                     _P	equ	208
   372  0000                     _P00	equ	128
   373  0000                     _P01	equ	129
   374  0000                     _P02	equ	130
   375  0000                     _P03	equ	131
   376  0000                     _P04	equ	132
   377  0000                     _P05	equ	133
   378  0000                     _P06	equ	134
   379  0000                     _P07	equ	135
   380  0000                     _P10	equ	144
   381  0000                     _P11	equ	145
   382  0000                     _P12	equ	146
   383  0000                     _P13	equ	147
   384  0000                     _P14	equ	148
   385  0000                     _P15	equ	149
   386  0000                     _P16	equ	150
   387  0000                     _P17	equ	151
   388  0000                     _P20	equ	160
   389  0000                     _P21	equ	161
   390  0000                     _P22	equ	162
   391  0000                     _P23	equ	163
   392  0000                     _P24	equ	164
   393  0000                     _P25	equ	165
   394  0000                     _P26	equ	166
   395  0000                     _P27	equ	167
   396  0000                     _P30	equ	176
   397  0000                     _P31	equ	177
   398  0000                     _P32	equ	178
   399  0000                     _P33	equ	179
   400  0000                     _P34	equ	180
   401  0000                     _P35	equ	181
   402  0000                     _P36	equ	182
   403  0000                     _P37	equ	183
   404  0000                     _PS	equ	188
   405  0000                     _PT0	equ	185
   406  0000                     _PT1	equ	187
   407  0000                     _PX0	equ	184
   408  0000                     _PX1	equ	186
   409  0000                     _RB8	equ	154
   410  0000                     _RD	equ	183
   411  0000                     _REN	equ	156
   412  0000                     _RI	equ	152
   413  0000                     _RS0	equ	211
   414  0000                     _RS1	equ	212
   415  0000                     _RXD	equ	176
   416  0000                     _SM0	equ	159
   417  0000                     _SM1	equ	158
   418  0000                     _SM2	equ	157
   419  0000                     _T0	equ	180
   420  0000                     _T1	equ	181
   421  0000                     _TB8	equ	155
   422  0000                     _TF0	equ	141
   423  0000                     _TF1	equ	143
   424  0000                     _TI	equ	153
   425  0000                     _TR0	equ	140
   426  0000                     _TR1	equ	142
   427  0000                     _TXD	equ	177
   428  0000                     _WR	equ	182
   429  0000                     _ACC	equ	224
   430  0000                     _B	equ	240
   431  0000                     _DPH	equ	131
   432  0000                     _DPL	equ	130
   433  0000                     _IE	equ	168
   434  0000                     _IP	equ	184
   435  0000                     _P0	equ	128
   436  0000                     _P1	equ	144
   437  0000                     _P2	equ	160
   438  0000                     _P3	equ	176
   439  0000                     _PCON	equ	135
   440  0000                     _PSW	equ	208
   441  0000                     _SBUF	equ	153
   442  0000                     _SCON	equ	152
   443  0000                     _SP	equ	129
   444  0000                     _TCON	equ	136
   445  0000                     _TH0	equ	140
   446  0000                     _TH1	equ	141
   447  0000                     _TL0	equ	138
   448  0000                     _TL1	equ	139
   449  0000                     _TMOD	equ	137
   450  0000                     _ACC_BITS	equ	224
   451  0000                     _B_BITS	equ	240
   452  0000                     _IE_BITS	equ	168
   453  0000                     _IP_BITS	equ	184
   454  0000                     _P0_BITS	equ	128
   455  0000                     _P1_BITS	equ	144
   456  0000                     _P2_BITS	equ	160
   457  0000                     _P3_BITS	equ	176
   458  0000                     _PCON_BITS	equ	135
   459  0000                     _PSW_BITS	equ	208
   460  0000                     _SCON_BITS	equ	152
   461  0000                     _TCON_BITS	equ	136
   462  0000                     _TMOD_BITS	equ	137


HI-TECH Software 8051 Macro Assembler V9.60                                Page 2
Symbol Table                                           Mon May 09 21:38:13 2022

       ?a_main 00020              _B 000F0              l5 000ED  
            _P 000D0              l6 000EA              l7 00039  
            l8 000ED              l9 00049             _B0 000F0  
           _B1 000F1             _B2 000F2             _B3 000F3  
           _B4 000F4             _B5 000F5             _B6 000F6  
           _A8 000A0             _B7 000F7             _A9 000A1  
           _F0 000D5             _AC 000D6             l10 000EA  
           l12 00062             l13 000DD             _EA 000AF  
           l15 000D1             l16 000AF             l17 000D1  
           _P0 00080             _P1 00090             _P2 000A0  
           _P3 000B0             _IE 000A8             _T0 000B4  
           _T1 000B5             _ES 000AC             _CY 000D7  
           _IP 000B8             _RD 000B7             u10 00046  
           u11 00044             u20 00060             _RI 00098  
           u21 0005E             u40 000AD             _TI 00099  
           u41 000AB             u50 000D1             u34 0008C  
           _PS 000BC             u51 000CF             u19 00134  
           _OV 000D2             u60 000DD             u61 000DB  
           u29 00135             _SP 00081             u70 000EA  
           u71 000E7             u39 00132             u49 00130  
           u59 0012E             u69 0012C             u79 0012A  
           _WR 000B6             u89 00128             u99 00126  
       _B_BITS 000F0            F163 00105            F167 0010A  
          F159 00100            _A10 000A2            _A11 000A3  
          _A12 000A4            _A13 000A5            _A14 000A6  
          _A15 000A7            _AD0 00080            _AD1 00081  
          _AD2 00082            _AD3 00083            _AD4 00084  
          _AD5 00085            _AD6 00086            _AD7 00087  
          _ACC 000E0            _P00 00080            _P01 00081  
          _P10 00090            _P02 00082            _P11 00091  
          _P03 00083            _P20 000A0            _P12 00092  
          _P04 00084            _P21 000A1            _P13 00093  
          _P05 00085            _P30 000B0            _P22 000A2  
          _P14 00094            _P06 00086            _P31 000B1  
          _P23 000A3            _P15 00095            _P07 00087  
          _P32 000B2            _P24 000A4            _P16 00096  
          _P33 000B3            _P25 000A5            _P17 00097  
          _P34 000B4            _P26 000A6            _P35 000B5  
          _P27 000A7            _P36 000B6            _P37 000B7  
          _IE0 00089            _IE1 0008B            _ET0 000A9  
          _ET1 000AB            _EX0 000A8            _EX1 000AA  
          _DPH 00083            _DPL 00082            _IT0 00088  
          _IT1 0008A            _RB8 0009A            _TF0 0008D  
          _TB8 0009B            _TF1 0008F            u109 00124  
          u119 00122            _TH0 0008C            _TH1 0008D  
          u129 00139            u139 00137            _SM0 0009F  
          _SM1 0009E            _TL0 0008A            _SM2 0009D  
          _PT0 000B9            _TL1 0008B            _PT1 000BB  
          _RS0 000D3            _RS1 000D4            _REN 0009C  
          _PX0 000B8            _PX1 000BA            _TR0 0008C  
          _TR1 0008E            _RXD 000B0            _PSW 000D0  
          _TXD 000B1        _P0_BITS 00080        _P1_BITS 00090  
      _P2_BITS 000A0        _P3_BITS 000B0        _IE_BITS 000A8  
     _ACC_BITS 000E0        _IP_BITS 000B8           f1410 00006  
         f1411 000EE           f1412 00000           _ACC0 000E0  
         _ACC1 000E1           _ACC2 000E2           _ACC3 000E3  
         _ACC4 000E4           _ACC5 000E5           _ACC6 000E6  
         _ACC7 000E7  stack_internal 00001           _INT0 000B2  
         _INT1 000B3           _PCON 00087           _SCON 00098  
         _SBUF 00099           _TCON 00088           _TMOD 00089  
         _main 00003       _PSW_BITS 000D0        ldc_byte 0013B  
    _PCON_BITS 00087      _SCON_BITS 00098      _TCON_BITS 00088  
      str_copy 001C4      _TMOD_BITS 00089  
